[main] INFO  org.hibernate.Version  - HHH000412: Hibernate Core {5.4.11.Final}
[main] INFO  org.hibernate.annotations.common.Version  - HCANN000001: Hibernate Commons Annotations {5.1.0.Final}
[main] WARN  org.hibernate.orm.connections.pooling  - HHH10001002: Using Hibernate built-in connection pool (not for production use!)
[main] INFO  org.hibernate.orm.connections.pooling  - HHH10001005: using driver [null] at URL [jdbc:postgresql://localhost:5432/swing-app]
[main] INFO  org.hibernate.orm.connections.pooling  - HHH10001001: Connection properties: {password=****, driver=org.postgresql.Driver, user=postgres}
[main] INFO  org.hibernate.orm.connections.pooling  - HHH10001003: Autocommit mode: false
[main] INFO  org.hibernate.engine.jdbc.connections.internal.DriverManagerConnectionProviderImpl  - HHH000115: Hibernate connection pool size: 20 (min=1)
[main] INFO  org.hibernate.dialect.Dialect  - HHH000400: Using dialect: org.hibernate.dialect.PostgreSQL10Dialect
[main] INFO  org.hibernate.orm.connections.access  - HHH10001501: Connection obtained from JdbcConnectionAccess [org.hibernate.engine.jdbc.env.internal.JdbcEnvironmentInitiator$ConnectionProviderJdbcConnectionAccess@56476c16] for (non-JTA) DDL execution was not in auto-commit mode; the Connection 'local transaction' will be committed and the Connection will be set into auto-commit mode.
[main] INFO  org.hibernate.engine.transaction.jta.platform.internal.JtaPlatformInitiator  - HHH000490: Using JtaPlatform implementation: [org.hibernate.engine.transaction.jta.platform.internal.NoJtaPlatform]
[main] INFO  bg.tu_varna.sit.data.access.Connection  - Initial SessionFactory created successfully
[AWT-EventQueue-0] INFO  bg.tu_varna.sit.repository.implementations.CourierRepositoryImpl  - Got all couriers successfully.
[AWT-EventQueue-0] INFO  bg.tu_varna.sit.repository.implementations.OfficeRepositoryImpl  - Got all offices successfully.
[AWT-EventQueue-0] INFO  bg.tu_varna.sit.repository.implementations.CustomerRepositoryImpl  - Got all customers successfully.
[AWT-EventQueue-0] INFO  bg.tu_varna.sit.repository.implementations.OfficeRepositoryImpl  - Got all distinct offices successfully.
[AWT-EventQueue-0] INFO  bg.tu_varna.sit.repository.implementations.OrderRepositoryImpl  - Got all orders successfully.
[AWT-EventQueue-0] INFO  bg.tu_varna.sit.repository.implementations.CustomerRepositoryImpl  - Got all customers successfully.
[AWT-EventQueue-0] INFO  bg.tu_varna.sit.repository.implementations.CourierRepositoryImpl  - Got all couriers successfully.
[AWT-EventQueue-0] INFO  bg.tu_varna.sit.repository.implementations.CustomerRepositoryImpl  - Got all customers successfully.
[AWT-EventQueue-0] INFO  bg.tu_varna.sit.repository.implementations.OfficeRepositoryImpl  - Got all distinct offices successfully.
